<?xml version="1.0" encoding="UTF-8"?>
<!-- Generated by org.testng.reporters.JUnitReportReporter -->
<testsuite hostname="AKASH-MOHAN" failures="0" tests="1" name="TestRunner.Functionality2TestRunner" time="37.843" errors="0" timestamp="2022-08-31T13:55:11 IST" skipped="0">
  <testcase classname="TestRunner.Functionality2TestRunner" name="runScenario" time="37.843"/>
  <system-out/>
</testsuite> <!-- TestRunner.Functionality2TestRunner -->
