<?xml version="1.0" encoding="UTF-8"?>
<!-- Generated by org.testng.reporters.JUnitReportReporter -->
<testsuite hostname="AKASH-MOHAN" failures="0" tests="1" name="TestRunner.Functionality5TestRunner" time="44.272" errors="0" timestamp="2022-08-31T13:55:11 IST" skipped="0">
  <testcase classname="TestRunner.Functionality5TestRunner" name="runScenario" time="44.272"/>
  <system-out/>
</testsuite> <!-- TestRunner.Functionality5TestRunner -->
