<?xml version="1.0" encoding="UTF-8"?>
<!-- Generated by org.testng.reporters.JUnitReportReporter -->
<testsuite hostname="AKASH-MOHAN" failures="0" tests="1" name="TestRunner.HomePageTestRunner" time="19.995" errors="0" timestamp="2022-08-31T13:55:11 IST" skipped="0">
  <testcase classname="TestRunner.HomePageTestRunner" name="runScenario" time="19.995"/>
  <system-out/>
</testsuite> <!-- TestRunner.HomePageTestRunner -->
